<<<<<<< HEAD
Handling lib "rpc-service-config"...
Handling lib "ca-bundle"...
Handling lib "Success, built app2/cc3220 version 1.0 (20190321-063618).
Firmware saved to C:\mos\app2\build\fw.zip
: Checking out 2.12.1...
rpc-service-config: Checking out 2.12.1...
ca-bundle: Checking out 2.12.1...
rpc-uart: Checking out 2.12.1...
zz_boards: Checking out 2.12.1...
rpc-service-fs: Checking out 2.12.1...
zz_boards: Done, hash 95d89d87f21b416ff866008639c95229e9bd817c
ca-bundle: Done, hash d5a470b260e3485660ffed6b5b1c7c961bd2b88c
rpc-service-config: Done, hash d3f49b3877fa5f1088d3f4cd0912eaaba991f006
rpc-service-fs: Done, hash d51b3684c361cd0e5ebdfe456b6dacaeae17155e
zz_boards: Hash unchanged at 95d89d87f21b416ff866008639c95229e9bd817c (dir "/data/fwbuild-volumes/2.12.1/apps/app2/cc3220/build_contexts/build_ctx_965279510/deps/boards")
zz_boards: Prepared local dir: "/data/fwbuild-volumes/2.12.1/apps/app2/cc3220/build_contexts/build_ctx_965279510/deps/boards"
rpc-service-config: Hash unchanged at d3f49b3877fa5f1088d3f4cd0912eaaba991f006 (dir "/data/fwbuild-volumes/2.12.1/apps/app2/cc3220/build_contexts/build_ctx_965279510/deps/rpc-service-config")
ca-bundle: Hash unchanged at d5a470b260e3485660ffed6b5b1c7c961bd2b88c (dir "/data/fwbuild-volumes/2.12.1/apps/app2/cc3220/build_contexts/build_ctx_965279510/deps/ca-bundle")
rpc-service-config: Prepared local dir: "/data/fwbuild-volumes/2.12.1/apps/app2/cc3220/build_contexts/build_ctx_965279510/deps/rpc-service-config"
ca-bundle: Prepared local dir: "/data/fwbuild-volumes/2.12.1/apps/app2/cc3220/build_contexts/build_ctx_965279510/deps/ca-bundle"
rpc-service-fs: Hash unchanged at d51b3684c361cd0e5ebdfe456b6dacaeae17155e (dir "/data/fwbuild-volumes/2.12.1/apps/app2/cc3220/build_contexts/build_ctx_965279510/deps/rpc-service-fs")
rpc-service-fs: Prepared local dir: "/data/fwbuild-volumes/2.12.1/apps/app2/cc3220/build_contexts/build_ctx_965279510/deps/rpc-service-fs"
core: Done, hash 59c02b9a5039803b261a1b0e58079678ff53a3b1
core: Hash unchanged at 59c02b9a5039803b261a1b0e58079678ff53a3b1 (dir "/data/fwbuild-volumes/2.12.1/apps/app2/cc3220/build_contexts/build_ctx_965279510/deps/core")
core: Prepared local dir: "/data/fwbuild-volumes/2.12.1/apps/app2/cc3220/build_contexts/build_ctx_965279510/deps/core"
rpc-uart: Done, hash 4c68e5d7b3eecb19ccc6128f111a118384ed20b4
rpc-uart: Hash unchanged at 4c68e5d7b3eecb19ccc6128f111a118384ed20b4 (dir "/data/fwbuild-volumes/2.12.1/apps/app2/cc3220/build_contexts/build_ctx_965279510/deps/rpc-uart")
rpc-uart: Prepared local dir: "/data/fwbuild-volumes/2.12.1/apps/app2/cc3220/build_contexts/build_ctx_965279510/deps/rpc-uart"
Handling lib "rpc-common"...
rpc-common: Checking out 2.12.1...
rpc-common: Done, hash 806252fd5eeefb8e17532d6f6f7d90af3cf7d6cb
rpc-common: Hash unchanged at 806252fd5eeefb8e17532d6f6f7d90af3cf7d6cb (dir "/data/fwbuild-volumes/2.12.1/apps/app2/cc3220/build_contexts/build_ctx_965279510/deps/rpc-common")
rpc-common: Prepared local dir: "/data/fwbuild-volumes/2.12.1/apps/app2/cc3220/build_contexts/build_ctx_965279510/deps/rpc-common"
=======
Handling lib "rpc-service-fs"...
Handling lib "ca-bundle"...
Handling lib "zz_bSuccess, built app3/cc3220 version 1.0 (20190321-062403).
Firmware saved to C:\mos\app3\build\fw.zip
service-config: Checking out 2.12.1...
ca-bundle: Checking out 2.12.1...
zz_boards: Checking out 2.12.1...
rpc-service-fs: Checking out 2.12.1...
core: Checking out 2.12.1...
rpc-uart: Checking out 2.12.1...
zz_boards: Done, hash 95d89d87f21b416ff866008639c95229e9bd817c
rpc-uart: Done, hash 4c68e5d7b3eecb19ccc6128f111a118384ed20b4
rpc-service-fs: Done, hash d51b3684c361cd0e5ebdfe456b6dacaeae17155e
core: Done, hash 59c02b9a5039803b261a1b0e58079678ff53a3b1
zz_boards: Hash unchanged at 95d89d87f21b416ff866008639c95229e9bd817c (dir "/data/fwbuild-volumes/2.12.1/apps/app3/cc3220/build_contexts/build_ctx_874193766/deps/boards")
zz_boards: Prepared local dir: "/data/fwbuild-volumes/2.12.1/apps/app3/cc3220/build_contexts/build_ctx_874193766/deps/boards"
rpc-uart: Hash unchanged at 4c68e5d7b3eecb19ccc6128f111a118384ed20b4 (dir "/data/fwbuild-volumes/2.12.1/apps/app3/cc3220/build_contexts/build_ctx_874193766/deps/rpc-uart")
rpc-uart: Prepared local dir: "/data/fwbuild-volumes/2.12.1/apps/app3/cc3220/build_contexts/build_ctx_874193766/deps/rpc-uart"
rpc-service-fs: Hash unchanged at d51b3684c361cd0e5ebdfe456b6dacaeae17155e (dir "/data/fwbuild-volumes/2.12.1/apps/app3/cc3220/build_contexts/build_ctx_874193766/deps/rpc-service-fs")
rpc-service-fs: Prepared local dir: "/data/fwbuild-volumes/2.12.1/apps/app3/cc3220/build_contexts/build_ctx_874193766/deps/rpc-service-fs"
core: Hash unchanged at 59c02b9a5039803b261a1b0e58079678ff53a3b1 (dir "/data/fwbuild-volumes/2.12.1/apps/app3/cc3220/build_contexts/build_ctx_874193766/deps/core")
core: Prepared local dir: "/data/fwbuild-volumes/2.12.1/apps/app3/cc3220/build_contexts/build_ctx_874193766/deps/core"
rpc-service-config: Done, hash d3f49b3877fa5f1088d3f4cd0912eaaba991f006
rpc-service-config: Hash unchanged at d3f49b3877fa5f1088d3f4cd0912eaaba991f006 (dir "/data/fwbuild-volumes/2.12.1/apps/app3/cc3220/build_contexts/build_ctx_874193766/deps/rpc-service-config")
rpc-service-config: Prepared local dir: "/data/fwbuild-volumes/2.12.1/apps/app3/cc3220/build_contexts/build_ctx_874193766/deps/rpc-service-config"
ca-bundle: Done, hash d5a470b260e3485660ffed6b5b1c7c961bd2b88c
ca-bundle: Hash unchanged at d5a470b260e3485660ffed6b5b1c7c961bd2b88c (dir "/data/fwbuild-volumes/2.12.1/apps/app3/cc3220/build_contexts/build_ctx_874193766/deps/ca-bundle")
ca-bundle: Prepared local dir: "/data/fwbuild-volumes/2.12.1/apps/app3/cc3220/build_contexts/build_ctx_874193766/deps/ca-bundle"
Handling lib "rpc-common"...
rpc-common: Checking out 2.12.1...
rpc-common: Done, hash 806252fd5eeefb8e17532d6f6f7d90af3cf7d6cb
rpc-common: Hash unchanged at 806252fd5eeefb8e17532d6f6f7d90af3cf7d6cb (dir "/data/fwbuild-volumes/2.12.1/apps/app3/cc3220/build_contexts/build_ctx_874193766/deps/rpc-common")
rpc-common: Prepared local dir: "/data/fwbuild-volumes/2.12.1/apps/app3/cc3220/build_contexts/build_ctx_874193766/deps/rpc-common"
>>>>>>> cc3881dda01ee4d18dbf326226cb5cbc1ef85586
Handling lib "mongoose"...
Handling lib "vfs-fs-spiffs"...
mongoose: Checking out 2.12.1...
vfs-fs-spiffs: Checking out 2.12.1...
mongoose: Done, hash 6ec35c37090e0665eb62deca6dddff5f14a2d803
vfs-fs-spiffs: Done, hash 17bc38527936dd8b5e7c38e8fa96a91c1a9d82fc
<<<<<<< HEAD
mongoose: Hash unchanged at 6ec35c37090e0665eb62deca6dddff5f14a2d803 (dir "/data/fwbuild-volumes/2.12.1/apps/app2/cc3220/build_contexts/build_ctx_965279510/deps/mongoose")
mongoose: Prepared local dir: "/data/fwbuild-volumes/2.12.1/apps/app2/cc3220/build_contexts/build_ctx_965279510/deps/mongoose"
vfs-fs-spiffs: Hash unchanged at 17bc38527936dd8b5e7c38e8fa96a91c1a9d82fc (dir "/data/fwbuild-volumes/2.12.1/apps/app2/cc3220/build_contexts/build_ctx_965279510/deps/vfs-fs-spiffs")
vfs-fs-spiffs: Prepared local dir: "/data/fwbuild-volumes/2.12.1/apps/app2/cc3220/build_contexts/build_ctx_965279510/deps/vfs-fs-spiffs"
Handling lib "vfs-common"...
Handling lib "mbedtls"...
vfs-common: Checking out 2.12.1...
mbedtls: Checking out 2.12.1...
vfs-common: Done, hash e668cbd6f9cfd468966f9d7e7229264d6c8937ba
vfs-common: Hash unchanged at e668cbd6f9cfd468966f9d7e7229264d6c8937ba (dir "/data/fwbuild-volumes/2.12.1/apps/app2/cc3220/build_contexts/build_ctx_965279510/deps/vfs-common")
vfs-common: Prepared local dir: "/data/fwbuild-volumes/2.12.1/apps/app2/cc3220/build_contexts/build_ctx_965279510/deps/vfs-common"
mbedtls: Done, hash 8109bfdfc65e9d39548b43406df713ef79a05b21
mbedtls: Hash unchanged at 8109bfdfc65e9d39548b43406df713ef79a05b21 (dir "/data/fwbuild-volumes/2.12.1/apps/app2/cc3220/build_contexts/build_ctx_965279510/deps/mbedtls")
mbedtls: Prepared local dir: "/data/fwbuild-volumes/2.12.1/apps/app2/cc3220/build_contexts/build_ctx_965279510/deps/mbedtls"
Handling lib "atca"...
atca: Checking out 2.12.1...
atca: Done, hash e7734361b3e781eec886406036005e20495f3e76
atca: Hash unchanged at e7734361b3e781eec886406036005e20495f3e76 (dir "/data/fwbuild-volumes/2.12.1/apps/app2/cc3220/build_contexts/build_ctx_965279510/deps/atca")
atca: Prepared local dir: "/data/fwbuild-volumes/2.12.1/apps/app2/cc3220/build_contexts/build_ctx_965279510/deps/atca"
Handling lib "i2c"...
i2c: Checking out 2.12.1...
i2c: Done, hash 98fdd22a47c43469be9c642f3e27bba5e016cf8e
i2c: Hash unchanged at 98fdd22a47c43469be9c642f3e27bba5e016cf8e (dir "/data/fwbuild-volumes/2.12.1/apps/app2/cc3220/build_contexts/build_ctx_965279510/deps/i2c")
i2c: Prepared local dir: "/data/fwbuild-volumes/2.12.1/apps/app2/cc3220/build_contexts/build_ctx_965279510/deps/i2c"
Handling lib "wifi"...
wifi: Checking out 2.12.1...
wifi: Done, hash a9a7d2bc4cb01e16f93e9eecb7e4aa56309488df
wifi: Hash unchanged at a9a7d2bc4cb01e16f93e9eecb7e4aa56309488df (dir "/data/fwbuild-volumes/2.12.1/apps/app2/cc3220/build_contexts/build_ctx_965279510/deps/wifi")
wifi: Prepared local dir: "/data/fwbuild-volumes/2.12.1/apps/app2/cc3220/build_contexts/build_ctx_965279510/deps/wifi"
The flag --repo is not given, going to use mongoose-os repository
mongoose-os: Checking out 2.12.1...
mongoose-os: Done, hash dd403d6effe7c536f561f6e7222f4ef3e76fa4b2
Prebuilt binary for "mbedtls" already exists at "/data/fwbuild-volumes/2.12.1/apps/app2/cc3220/build_contexts/build_ctx_965279510/build/objs/libmbedtls-cc3220-2.12.1.a"
Prebuilt binary for "mongoose" already exists at "/data/fwbuild-volumes/2.12.1/apps/app2/cc3220/build_contexts/build_ctx_965279510/build/objs/libmongoose-cc3220-2.12.1.a"
Sources: [/data/fwbuild-volumes/2.12.1/apps/app2/cc3220/build_contexts/build_ctx_965279510/src/main.cpp /data/fwbuild-volumes/2.12.1/apps/app2/cc3220/build_contexts/build_ctx_965279510/src/rotary_encoder.cpp /data/fwbuild-volumes/2.12.1/apps/app2/cc3220/build_contexts/build_ctx_965279510/build/gen/mgos_deps_init.c /data/fwbuild-volumes/2.12.1/apps/app2/cc3220/build_contexts/build_ctx_965279510/deps/i2c/src/mgos_i2c_master.c /data/fwbuild-volumes/2.12.1/apps/app2/cc3220/build_contexts/build_ctx_965279510/deps/i2c/src/cc32xx/cc32xx_i2c_master.c /data/fwbuild-volumes/2.12.1/apps/app2/cc3220/build_contexts/build_ctx_965279510/deps/atca/src/mgos_atca.c /data/fwbuild-volumes/2.12.1/apps/app2/cc3220/build_contexts/build_ctx_965279510/deps/atca/cryptoauthlib/lib/atca_cfgs.c /data/fwbuild-volumes/2.12.1/apps/app2/cc3220/build_contexts/build_ctx_965279510/deps/atca/cryptoauthlib/lib/atca_command.c /data/fwbuild-volumes/2.12.1/apps/app2/cc3220/build_contexts/build_ctx_965279510/deps/atca/cryptoauthlib/lib/atca_device.c /data/fwbuild-volumes/2.12.1/apps/app2/cc3220/build_contexts/build_ctx_965279510/deps/atca/cryptoauthlib/lib/atca_iface.c /data/fwbuild-volumes/2.12.1/apps/app2/cc3220/build_contexts/build_ctx_965279510/deps/atca/cryptoauthlib/lib/basic/atca_basic.c /data/fwbuild-volumes/2.12.1/apps/app2/cc3220/build_contexts/build_ctx_965279510/deps/atca/cryptoauthlib/lib/basic/atca_helpers.c /data/fwbuild-volumes/2.12.1/apps/app2/cc3220/build_contexts/build_ctx_965279510/deps/atca/cryptoauthlib/lib/host/atca_host.c /data/fwbuild-volumes/2.12.1/apps/app2/cc3220/build_contexts/build_ctx_965279510/deps/vfs-common/src/mgos_vfs.c /data/fwbuild-volumes/2.12.1/apps/app2/cc3220/build_contexts/build_ctx_965279510/deps/vfs-common/src/mgos_vfs_dev.c /data/fwbuild-volumes/2.12.1/apps/app2/cc3220/build_contexts/build_ctx_965279510/deps/vfs-common/src/mgos_vfs_internal.c /data/fwbuild-volumes/2.12.1/apps/app2/cc3220/build_contexts/build_ctx_965279510/deps/vfs-common/src/cc3220/cc3220_fs.c /data/fwbuild-volumes/2.12.1/apps/app2/cc3220/build_contexts/build_ctx_965279510/deps/vfs-common/src/cc3220/cc3220_vfs_dev_flash.c /data/fwbuild-volumes/2.12.1/apps/app2/cc3220/build_contexts/build_ctx_965279510/deps/vfs-common/src/cc32xx/cc32xx_fs.c /data/fwbuild-volumes/2.12.1/apps/app2/cc3220/build_contexts/build_ctx_965279510/deps/vfs-common/src/cc32xx/cc32xx_vfs.c /data/fwbuild-volumes/2.12.1/apps/app2/cc3220/build_contexts/build_ctx_965279510/deps/vfs-common/src/cc32xx/cc32xx_vfs_fs_slfs.c /data/fwbuild-volumes/2.12.1/apps/app2/cc3220/build_contexts/build_ctx_965279510/deps/vfs-fs-spiffs/src/mgos_vfs_fs_spiffs.c /data/fwbuild-volumes/2.12.1/apps/app2/cc3220/build_contexts/build_ctx_965279510/deps/vfs-fs-spiffs/src/spiffs/spiffs_cache.c /data/fwbuild-volumes/2.12.1/apps/app2/cc3220/build_contexts/build_ctx_965279510/deps/vfs-fs-spiffs/src/spiffs/spiffs_check.c /data/fwbuild-volumes/2.12.1/apps/app2/cc3220/build_contexts/build_ctx_965279510/deps/vfs-fs-spiffs/src/spiffs/spiffs_gc.c /data/fwbuild-volumes/2.12.1/apps/app2/cc3220/build_contexts/build_ctx_965279510/deps/vfs-fs-spiffs/src/spiffs/spiffs_hydrogen.c /data/fwbuild-volumes/2.12.1/apps/app2/cc3220/build_contexts/build_ctx_965279510/deps/vfs-fs-spiffs/src/spiffs/spiffs_nucleus.c /data/fwbuild-volumes/2.12.1/apps/app2/cc3220/build_contexts/build_ctx_965279510/deps/core/src/mgos_core.c /data/fwbuild-volumes/2.12.1/apps/app2/cc3220/build_contexts/build_ctx_965279510/deps/rpc-common/src/mg_rpc.c /data/fwbuild-volumes/2.12.1/apps/app2/cc3220/build_contexts/build_ctx_965279510/deps/rpc-common/src/mg_rpc_channel.c /data/fwbuild-volumes/2.12.1/apps/app2/cc3220/build_contexts/build_ctx_965279510/deps/rpc-common/src/mg_rpc_channel_http.c /data/fwbuild-volumes/2.12.1/apps/app2/cc3220/build_contexts/build_ctx_965279510/deps/rpc-common/src/mgos_rpc.c /data/fwbuild-volumes/2.12.1/apps/app2/cc3220/build_contexts/build_ctx_965279510/deps/rpc-service-config/src/mgos_service_config.c /data/fwbuild-volumes/2.12.1/apps/app2/cc3220/build_contexts/build_ctx_965279510/deps/rpc-service-fs/src/mgos_service_filesystem.c /data/fwbuild-volumes/2.12.1/apps/app2/cc3220/build_contexts/build_ctx_965279510/deps/rpc-uart/src/mgos_rpc_channel_uart.c /data/fwbuild-volumes/2.12.1/apps/app2/cc3220/build_contexts/build_ctx_965279510/deps/wifi/src/mgos_wifi.c /data/fwbuild-volumes/2.12.1/apps/app2/cc3220/build_contexts/build_ctx_965279510/deps/wifi/src/mjs_wifi.c /data/fwbuild-volumes/2.12.1/apps/app2/cc3220/build_contexts/build_ctx_965279510/deps/wifi/cc32xx/src/cc32xx_wifi.c]
Include dirs: [/data/fwbuild-volumes/2.12.1/apps/app2/cc3220/build_contexts/build_ctx_965279510/deps/i2c/include /data/fwbuild-volumes/2.12.1/apps/app2/cc3220/build_contexts/build_ctx_965279510/deps/atca/include /data/fwbuild-volumes/2.12.1/apps/app2/cc3220/build_contexts/build_ctx_965279510/deps/atca/cryptoauthlib/lib /data/fwbuild-volumes/2.12.1/apps/app2/cc3220/build_contexts/build_ctx_965279510/deps/mbedtls/include /data/fwbuild-volumes/2.12.1/apps/app2/cc3220/build_contexts/build_ctx_965279510/deps/mbedtls/include/cc3220 /data/fwbuild-volumes/2.12.1/apps/app2/cc3220/build_contexts/build_ctx_965279510/deps/mbedtls/mbedtls/include /data/fwbuild-volumes/2.12.1/apps/app2/cc3220/build_contexts/build_ctx_965279510/deps/mbedtls/include/cc32xx /data/fwbuild-volumes/2.12.1/apps/app2/cc3220/build_contexts/build_ctx_965279510/deps/vfs-common/include /data/fwbuild-volumes/2.12.1/apps/app2/cc3220/build_contexts/build_ctx_965279510/deps/vfs-common/include/cc3220 /data/fwbuild-volumes/2.12.1/apps/app2/cc3220/build_contexts/build_ctx_965279510/deps/mongoose/include /data/fwbuild-volumes/2.12.1/apps/app2/cc3220/build_contexts/build_ctx_965279510/deps/vfs-fs-spiffs/include /data/fwbuild-volumes/2.12.1/apps/app2/cc3220/build_contexts/build_ctx_965279510/deps/vfs-fs-spiffs/include/spiffs /data/fwbuild-volumes/2.12.1/apps/app2/cc3220/build_contexts/build_ctx_965279510/deps/vfs-fs-spiffs/include/cc3220 /data/fwbuild-volumes/2.12.1/apps/app2/cc3220/build_contexts/build_ctx_965279510/deps/core/include /data/fwbuild-volumes/2.12.1/apps/app2/cc3220/build_contexts/build_ctx_965279510/deps/core/include/cc3220 /data/fwbuild-volumes/2.12.1/apps/app2/cc3220/build_contexts/build_ctx_965279510/deps/rpc-common/include /data/fwbuild-volumes/2.12.1/apps/app2/cc3220/build_contexts/build_ctx_965279510/deps/rpc-service-config/include /data/fwbuild-volumes/2.12.1/apps/app2/cc3220/build_contexts/build_ctx_965279510/deps/rpc-service-fs/include /data/fwbuild-volumes/2.12.1/apps/app2/cc3220/build_contexts/build_ctx_965279510/deps/rpc-uart/include /data/fwbuild-volumes/2.12.1/apps/app2/cc3220/build_contexts/build_ctx_965279510/deps/wifi/include]
Binary libs: [/data/fwbuild-volumes/2.12.1/apps/app2/cc3220/build_contexts/build_ctx_965279510/build/objs/libmbedtls-cc3220-2.12.1.a /data/fwbuild-volumes/2.12.1/apps/app2/cc3220/build_contexts/build_ctx_965279510/build/objs/libmongoose-cc3220-2.12.1.a]
Building...
mount from "/data/fwbuild-volumes/2.12.1/apps/app2/cc3220/build_contexts/build_ctx_965279510" to "/app"
mount from "/data/fwbuild-volumes/2.12.1/apps/app2/cc3220/build_contexts/build_ctx_965279510/deps/modules/mongoose-os" to "/mongoose-os"
mount from "/data/fwbuild-volumes/2.12.1/apps/app2/cc3220/build_contexts/build_ctx_965279510/deps/modules/mongoose-os" to "/data/fwbuild-volumes/2.12.1/apps/app2/cc3220/build_contexts/build_ctx_965279510/deps/modules/mongoose-os"
mount from "/data/fwbuild-volumes/2.12.1/apps/app2/cc3220/build_contexts/build_ctx_965279510/build" to "/data/fwbuild-volumes/2.12.1/apps/app2/cc3220/build_contexts/build_ctx_965279510/build"
mount from "/data/fwbuild-volumes/2.12.1/apps/app2/cc3220/build_contexts/build_ctx_965279510/src" to "/data/fwbuild-volumes/2.12.1/apps/app2/cc3220/build_contexts/build_ctx_965279510/src"
mount from "/data/fwbuild-volumes/2.12.1/apps/app2/cc3220/build_contexts/build_ctx_965279510/build/gen" to "/data/fwbuild-volumes/2.12.1/apps/app2/cc3220/build_contexts/build_ctx_965279510/build/gen"
mount from "/data/fwbuild-volumes/2.12.1/apps/app2/cc3220/build_contexts/build_ctx_965279510/deps/i2c/src" to "/data/fwbuild-volumes/2.12.1/apps/app2/cc3220/build_contexts/build_ctx_965279510/deps/i2c/src"
mount from "/data/fwbuild-volumes/2.12.1/apps/app2/cc3220/build_contexts/build_ctx_965279510/deps/i2c/src/cc32xx" to "/data/fwbuild-volumes/2.12.1/apps/app2/cc3220/build_contexts/build_ctx_965279510/deps/i2c/src/cc32xx"
mount from "/data/fwbuild-volumes/2.12.1/apps/app2/cc3220/build_contexts/build_ctx_965279510/deps/atca/src" to "/data/fwbuild-volumes/2.12.1/apps/app2/cc3220/build_contexts/build_ctx_965279510/deps/atca/src"
mount from "/data/fwbuild-volumes/2.12.1/apps/app2/cc3220/build_contexts/build_ctx_965279510/deps/atca/cryptoauthlib/lib" to "/data/fwbuild-volumes/2.12.1/apps/app2/cc3220/build_contexts/build_ctx_965279510/deps/atca/cryptoauthlib/lib"
mount from "/data/fwbuild-volumes/2.12.1/apps/app2/cc3220/build_contexts/build_ctx_965279510/deps/atca/cryptoauthlib/lib/basic" to "/data/fwbuild-volumes/2.12.1/apps/app2/cc3220/build_contexts/build_ctx_965279510/deps/atca/cryptoauthlib/lib/basic"
mount from "/data/fwbuild-volumes/2.12.1/apps/app2/cc3220/build_contexts/build_ctx_965279510/deps/atca/cryptoauthlib/lib/crypto" to "/data/fwbuild-volumes/2.12.1/apps/app2/cc3220/build_contexts/build_ctx_965279510/deps/atca/cryptoauthlib/lib/crypto"
mount from "/data/fwbuild-volumes/2.12.1/apps/app2/cc3220/build_contexts/build_ctx_965279510/deps/atca/cryptoauthlib/lib/hal" to "/data/fwbuild-volumes/2.12.1/apps/app2/cc3220/build_contexts/build_ctx_965279510/deps/atca/cryptoauthlib/lib/hal"
mount from "/data/fwbuild-volumes/2.12.1/apps/app2/cc3220/build_contexts/build_ctx_965279510/deps/atca/cryptoauthlib/lib/host" to "/data/fwbuild-volumes/2.12.1/apps/app2/cc3220/build_contexts/build_ctx_965279510/deps/atca/cryptoauthlib/lib/host"
mount from "/data/fwbuild-volumes/2.12.1/apps/app2/cc3220/build_contexts/build_ctx_965279510/deps/vfs-common/src" to "/data/fwbuild-volumes/2.12.1/apps/app2/cc3220/build_contexts/build_ctx_965279510/deps/vfs-common/src"
mount from "/data/fwbuild-volumes/2.12.1/apps/app2/cc3220/build_contexts/build_ctx_965279510/deps/vfs-common/src/cc3220" to "/data/fwbuild-volumes/2.12.1/apps/app2/cc3220/build_contexts/build_ctx_965279510/deps/vfs-common/src/cc3220"
mount from "/data/fwbuild-volumes/2.12.1/apps/app2/cc3220/build_contexts/build_ctx_965279510/deps/vfs-common/src/cc32xx" to "/data/fwbuild-volumes/2.12.1/apps/app2/cc3220/build_contexts/build_ctx_965279510/deps/vfs-common/src/cc32xx"
mount from "/data/fwbuild-volumes/2.12.1/apps/app2/cc3220/build_contexts/build_ctx_965279510/deps/vfs-fs-spiffs/src" to "/data/fwbuild-volumes/2.12.1/apps/app2/cc3220/build_contexts/build_ctx_965279510/deps/vfs-fs-spiffs/src"
mount from "/data/fwbuild-volumes/2.12.1/apps/app2/cc3220/build_contexts/build_ctx_965279510/deps/vfs-fs-spiffs/src/spiffs" to "/data/fwbuild-volumes/2.12.1/apps/app2/cc3220/build_contexts/build_ctx_965279510/deps/vfs-fs-spiffs/src/spiffs"
mount from "/data/fwbuild-volumes/2.12.1/apps/app2/cc3220/build_contexts/build_ctx_965279510/deps/core/src" to "/data/fwbuild-volumes/2.12.1/apps/app2/cc3220/build_contexts/build_ctx_965279510/deps/core/src"
mount from "/data/fwbuild-volumes/2.12.1/apps/app2/cc3220/build_contexts/build_ctx_965279510/deps/rpc-common/src" to "/data/fwbuild-volumes/2.12.1/apps/app2/cc3220/build_contexts/build_ctx_965279510/deps/rpc-common/src"
mount from "/data/fwbuild-volumes/2.12.1/apps/app2/cc3220/build_contexts/build_ctx_965279510/deps/rpc-service-config/src" to "/data/fwbuild-volumes/2.12.1/apps/app2/cc3220/build_contexts/build_ctx_965279510/deps/rpc-service-config/src"
mount from "/data/fwbuild-volumes/2.12.1/apps/app2/cc3220/build_contexts/build_ctx_965279510/deps/rpc-service-fs/src" to "/data/fwbuild-volumes/2.12.1/apps/app2/cc3220/build_contexts/build_ctx_965279510/deps/rpc-service-fs/src"
mount from "/data/fwbuild-volumes/2.12.1/apps/app2/cc3220/build_contexts/build_ctx_965279510/deps/rpc-uart/src" to "/data/fwbuild-volumes/2.12.1/apps/app2/cc3220/build_contexts/build_ctx_965279510/deps/rpc-uart/src"
mount from "/data/fwbuild-volumes/2.12.1/apps/app2/cc3220/build_contexts/build_ctx_965279510/deps/wifi/src" to "/data/fwbuild-volumes/2.12.1/apps/app2/cc3220/build_contexts/build_ctx_965279510/deps/wifi/src"
mount from "/data/fwbuild-volumes/2.12.1/apps/app2/cc3220/build_contexts/build_ctx_965279510/deps/wifi/cc32xx/src" to "/data/fwbuild-volumes/2.12.1/apps/app2/cc3220/build_contexts/build_ctx_965279510/deps/wifi/cc32xx/src"
mount from "/data/fwbuild-volumes/2.12.1/apps/app2/cc3220/build_contexts/build_ctx_965279510/deps/i2c/include" to "/data/fwbuild-volumes/2.12.1/apps/app2/cc3220/build_contexts/build_ctx_965279510/deps/i2c/include"
mount from "/data/fwbuild-volumes/2.12.1/apps/app2/cc3220/build_contexts/build_ctx_965279510/deps/atca/include" to "/data/fwbuild-volumes/2.12.1/apps/app2/cc3220/build_contexts/build_ctx_965279510/deps/atca/include"
mount from "/data/fwbuild-volumes/2.12.1/apps/app2/cc3220/build_contexts/build_ctx_965279510/deps/atca/cryptoauthlib/lib" to "/data/fwbuild-volumes/2.12.1/apps/app2/cc3220/build_contexts/build_ctx_965279510/deps/atca/cryptoauthlib/lib"
mount from "/data/fwbuild-volumes/2.12.1/apps/app2/cc3220/build_contexts/build_ctx_965279510/deps/mbedtls/include" to "/data/fwbuild-volumes/2.12.1/apps/app2/cc3220/build_contexts/build_ctx_965279510/deps/mbedtls/include"
mount from "/data/fwbuild-volumes/2.12.1/apps/app2/cc3220/build_contexts/build_ctx_965279510/deps/mbedtls/mbedtls/include" to "/data/fwbuild-volumes/2.12.1/apps/app2/cc3220/build_contexts/build_ctx_965279510/deps/mbedtls/mbedtls/include"
mount from "/data/fwbuild-volumes/2.12.1/apps/app2/cc3220/build_contexts/build_ctx_965279510/deps/mbedtls/include/cc32xx" to "/data/fwbuild-volumes/2.12.1/apps/app2/cc3220/build_contexts/build_ctx_965279510/deps/mbedtls/include/cc32xx"
mount from "/data/fwbuild-volumes/2.12.1/apps/app2/cc3220/build_contexts/build_ctx_965279510/deps/vfs-common/include" to "/data/fwbuild-volumes/2.12.1/apps/app2/cc3220/build_contexts/build_ctx_965279510/deps/vfs-common/include"
mount from "/data/fwbuild-volumes/2.12.1/apps/app2/cc3220/build_contexts/build_ctx_965279510/deps/vfs-common/include/cc3220" to "/data/fwbuild-volumes/2.12.1/apps/app2/cc3220/build_contexts/build_ctx_965279510/deps/vfs-common/include/cc3220"
mount from "/data/fwbuild-volumes/2.12.1/apps/app2/cc3220/build_contexts/build_ctx_965279510/deps/mongoose/include" to "/data/fwbuild-volumes/2.12.1/apps/app2/cc3220/build_contexts/build_ctx_965279510/deps/mongoose/include"
mount from "/data/fwbuild-volumes/2.12.1/apps/app2/cc3220/build_contexts/build_ctx_965279510/deps/vfs-fs-spiffs/include" to "/data/fwbuild-volumes/2.12.1/apps/app2/cc3220/build_contexts/build_ctx_965279510/deps/vfs-fs-spiffs/include"
mount from "/data/fwbuild-volumes/2.12.1/apps/app2/cc3220/build_contexts/build_ctx_965279510/deps/vfs-fs-spiffs/include/spiffs" to "/data/fwbuild-volumes/2.12.1/apps/app2/cc3220/build_contexts/build_ctx_965279510/deps/vfs-fs-spiffs/include/spiffs"
mount from "/data/fwbuild-volumes/2.12.1/apps/app2/cc3220/build_contexts/build_ctx_965279510/deps/vfs-fs-spiffs/include/cc3220" to "/data/fwbuild-volumes/2.12.1/apps/app2/cc3220/build_contexts/build_ctx_965279510/deps/vfs-fs-spiffs/include/cc3220"
mount from "/data/fwbuild-volumes/2.12.1/apps/app2/cc3220/build_contexts/build_ctx_965279510/deps/core/include" to "/data/fwbuild-volumes/2.12.1/apps/app2/cc3220/build_contexts/build_ctx_965279510/deps/core/include"
mount from "/data/fwbuild-volumes/2.12.1/apps/app2/cc3220/build_contexts/build_ctx_965279510/deps/rpc-common/include" to "/data/fwbuild-volumes/2.12.1/apps/app2/cc3220/build_contexts/build_ctx_965279510/deps/rpc-common/include"
mount from "/data/fwbuild-volumes/2.12.1/apps/app2/cc3220/build_contexts/build_ctx_965279510/deps/rpc-service-config/include" to "/data/fwbuild-volumes/2.12.1/apps/app2/cc3220/build_contexts/build_ctx_965279510/deps/rpc-service-config/include"
mount from "/data/fwbuild-volumes/2.12.1/apps/app2/cc3220/build_contexts/build_ctx_965279510/deps/rpc-service-fs/include" to "/data/fwbuild-volumes/2.12.1/apps/app2/cc3220/build_contexts/build_ctx_965279510/deps/rpc-service-fs/include"
mount from "/data/fwbuild-volumes/2.12.1/apps/app2/cc3220/build_contexts/build_ctx_965279510/deps/rpc-uart/include" to "/data/fwbuild-volumes/2.12.1/apps/app2/cc3220/build_contexts/build_ctx_965279510/deps/rpc-uart/include"
mount from "/data/fwbuild-volumes/2.12.1/apps/app2/cc3220/build_contexts/build_ctx_965279510/deps/wifi/include" to "/data/fwbuild-volumes/2.12.1/apps/app2/cc3220/build_contexts/build_ctx_965279510/deps/wifi/include"
mount from "/data/fwbuild-volumes/2.12.1/apps/app2/cc3220/build_contexts/build_ctx_965279510/deps/ca-bundle/fs" to "/data/fwbuild-volumes/2.12.1/apps/app2/cc3220/build_contexts/build_ctx_965279510/deps/ca-bundle/fs"
mount from "/data/fwbuild-volumes/2.12.1/apps/app2/cc3220/build_contexts/build_ctx_965279510/fs" to "/data/fwbuild-volumes/2.12.1/apps/app2/cc3220/build_contexts/build_ctx_965279510/fs"
mount from "/data/fwbuild-volumes/2.12.1/apps/app2/cc3220/build_contexts/build_ctx_965279510/build/objs" to "/data/fwbuild-volumes/2.12.1/apps/app2/cc3220/build_contexts/build_ctx_965279510/build/objs"
mount from "/data/fwbuild-volumes/2.12.1/apps/app2/cc3220/build_contexts/build_ctx_965279510/build/objs" to "/data/fwbuild-volumes/2.12.1/apps/app2/cc3220/build_contexts/build_ctx_965279510/build/objs"
mount from "/data/fwbuild-volumes/2.12.1/apps/app2/cc3220/build_contexts/build_ctx_965279510/build/gen" to "/data/fwbuild-volumes/2.12.1/apps/app2/cc3220/build_contexts/build_ctx_965279510/build/gen"
Docker arguments: run --name mos_build_2019-03-21T06-36-16-00_3317949995069247206 --rm -i -v /data/fwbuild-volumes/2.12.1/apps/app2/cc3220/build_contexts/build_ctx_965279510/deps/vfs-common/src/cc32xx:/data/fwbuild-volumes/2.12.1/apps/app2/cc3220/build_contexts/build_ctx_965279510/deps/vfs-common/src/cc32xx -v /data/fwbuild-volumes/2.12.1/apps/app2/cc3220/build_contexts/build_ctx_965279510/deps/vfs-common/include/cc3220:/data/fwbuild-volumes/2.12.1/apps/app2/cc3220/build_contexts/build_ctx_965279510/deps/vfs-common/include/cc3220 -v /data/fwbuild-volumes/2.12.1/apps/app2/cc3220/build_contexts/build_ctx_965279510/deps/rpc-service-fs/include:/data/fwbuild-volumes/2.12.1/apps/app2/cc3220/build_contexts/build_ctx_965279510/deps/rpc-service-fs/include -v /data/fwbuild-volumes/2.12.1/apps/app2/cc3220/build_contexts/build_ctx_965279510/deps/modules/mongoose-os:/mongoose-os -v /data/fwbuild-volumes/2.12.1/apps/app2/cc3220/build_contexts/build_ctx_965279510/deps/i2c/src/cc32xx:/data/fwbuild-volumes/2.12.1/apps/app2/cc3220/build_contexts/build_ctx_965279510/deps/i2c/src/cc32xx -v /data/fwbuild-volumes/2.12.1/apps/app2/cc3220/build_contexts/build_ctx_965279510/build/gen:/data/fwbuild-volumes/2.12.1/apps/app2/cc3220/build_contexts/build_ctx_965279510/build/gen -v /data/fwbuild-volumes/2.12.1/apps/app2/cc3220/build_contexts/build_ctx_965279510/deps/atca/cryptoauthlib/lib:/data/fwbuild-volumes/2.12.1/apps/app2/cc3220/build_contexts/build_ctx_965279510/deps/atca/cryptoauthlib/lib -v /data/fwbuild-volumes/2.12.1/apps/app2/cc3220/build_contexts/build_ctx_965279510/deps/atca/cryptoauthlib/lib/crypto:/data/fwbuild-volumes/2.12.1/apps/app2/cc3220/build_contexts/build_ctx_965279510/deps/atca/cryptoauthlib/lib/crypto -v /data/fwbuild-volumes/2.12.1/apps/app2/cc3220/build_contexts/build_ctx_965279510/deps/vfs-fs-spiffs/src:/data/fwbuild-volumes/2.12.1/apps/app2/cc3220/build_contexts/build_ctx_965279510/deps/vfs-fs-spiffs/src -v /data/fwbuild-volumes/2.12.1/apps/app2/cc3220/build_contexts/build_ctx_965279510/deps/mbedtls/include:/data/fwbuild-volumes/2.12.1/apps/app2/cc3220/build_contexts/build_ctx_965279510/deps/mbedtls/include -v /data/fwbuild-volumes/2.12.1/apps/app2/cc3220/build_contexts/build_ctx_965279510/deps/rpc-uart/include:/data/fwbuild-volumes/2.12.1/apps/app2/cc3220/build_contexts/build_ctx_965279510/deps/rpc-uart/include -v /data/fwbuild-volumes/2.12.1/apps/app2/cc3220/build_contexts/build_ctx_965279510/deps/modules/mongoose-os:/data/fwbuild-volumes/2.12.1/apps/app2/cc3220/build_contexts/build_ctx_965279510/deps/modules/mongoose-os -v /data/fwbuild-volumes/2.12.1/apps/app2/cc3220/build_contexts/build_ctx_965279510/build:/data/fwbuild-volumes/2.12.1/apps/app2/cc3220/build_contexts/build_ctx_965279510/build -v /data/fwbuild-volumes/2.12.1/apps/app2/cc3220/build_contexts/build_ctx_965279510/deps/rpc-service-fs/src:/data/fwbuild-volumes/2.12.1/apps/app2/cc3220/build_contexts/build_ctx_965279510/deps/rpc-service-fs/src -v /data/fwbuild-volumes/2.12.1/apps/app2/cc3220/build_contexts/build_ctx_965279510/deps/rpc-common/include:/data/fwbuild-volumes/2.12.1/apps/app2/cc3220/build_contexts/build_ctx_965279510/deps/rpc-common/include -v /data/fwbuild-volumes/2.12.1/apps/app2/cc3220/build_contexts/build_ctx_965279510/deps/rpc-service-config/include:/data/fwbuild-volumes/2.12.1/apps/app2/cc3220/build_contexts/build_ctx_965279510/deps/rpc-service-config/include -v /data/fwbuild-volumes/2.12.1/apps/app2/cc3220/build_contexts/build_ctx_965279510:/app -v /data/fwbuild-volumes/2.12.1/apps/app2/cc3220/build_contexts/build_ctx_965279510/deps/rpc-common/src:/data/fwbuild-volumes/2.12.1/apps/app2/cc3220/build_contexts/build_ctx_965279510/deps/rpc-common/src -v /data/fwbuild-volumes/2.12.1/apps/app2/cc3220/build_contexts/build_ctx_965279510/deps/vfs-fs-spiffs/src/spiffs:/data/fwbuild-volumes/2.12.1/apps/app2/cc3220/build_contexts/build_ctx_965279510/deps/vfs-fs-spiffs/src/spiffs -v /data/fwbuild-volumes/2.12.1/apps/app2/cc3220/build_contexts/build_ctx_965279510/deps/wifi/include:/data/fwbuild-volumes/2.12.1/apps/app2/cc3220/build_contexts/build_ctx_965279510/deps/wifi/include -v /data/fwbuild-volumes/2.12.1/apps/app2/cc3220/build_contexts/build_ctx_965279510/deps/atca/cryptoauthlib/lib/basic:/data/fwbuild-volumes/2.12.1/apps/app2/cc3220/build_contexts/build_ctx_965279510/deps/atca/cryptoauthlib/lib/basic -v /data/fwbuild-volumes/2.12.1/apps/app2/cc3220/build_contexts/build_ctx_965279510/deps/atca/cryptoauthlib/lib/host:/data/fwbuild-volumes/2.12.1/apps/app2/cc3220/build_contexts/build_ctx_965279510/deps/atca/cryptoauthlib/lib/host -v /data/fwbuild-volumes/2.12.1/apps/app2/cc3220/build_contexts/build_ctx_965279510/deps/mongoose/include:/data/fwbuild-volumes/2.12.1/apps/app2/cc3220/build_contexts/build_ctx_965279510/deps/mongoose/include -v /data/fwbuild-volumes/2.12.1/apps/app2/cc3220/build_contexts/build_ctx_965279510/fs:/data/fwbuild-volumes/2.12.1/apps/app2/cc3220/build_contexts/build_ctx_965279510/fs -v /data/fwbuild-volumes/2.12.1/apps/app2/cc3220/build_contexts/build_ctx_965279510/deps/vfs-common/src/cc3220:/data/fwbuild-volumes/2.12.1/apps/app2/cc3220/build_contexts/build_ctx_965279510/deps/vfs-common/src/cc3220 -v /data/fwbuild-volumes/2.12.1/apps/app2/cc3220/build_contexts/build_ctx_965279510/deps/rpc-uart/src:/data/fwbuild-volumes/2.12.1/apps/app2/cc3220/build_contexts/build_ctx_965279510/deps/rpc-uart/src -v /data/fwbuild-volumes/2.12.1/apps/app2/cc3220/build_contexts/build_ctx_965279510/deps/ca-bundle/fs:/data/fwbuild-volumes/2.12.1/apps/app2/cc3220/build_contexts/build_ctx_965279510/deps/ca-bundle/fs -v /data/fwbuild-volumes/2.12.1/apps/app2/cc3220/build_contexts/build_ctx_965279510/build/objs:/data/fwbuild-volumes/2.12.1/apps/app2/cc3220/build_contexts/build_ctx_965279510/build/objs -v /data/fwbuild-volumes/2.12.1/apps/app2/cc3220/build_contexts/build_ctx_965279510/src:/data/fwbuild-volumes/2.12.1/apps/app2/cc3220/build_contexts/build_ctx_965279510/src -v /data/fwbuild-volumes/2.12.1/apps/app2/cc3220/build_contexts/build_ctx_965279510/deps/i2c/include:/data/fwbuild-volumes/2.12.1/apps/app2/cc3220/build_contexts/build_ctx_965279510/deps/i2c/include -v /data/fwbuild-volumes/2.12.1/apps/app2/cc3220/build_contexts/build_ctx_965279510/deps/vfs-common/src:/data/fwbuild-volumes/2.12.1/apps/app2/cc3220/build_contexts/build_ctx_965279510/deps/vfs-common/src -v /data/fwbuild-volumes/2.12.1/apps/app2/cc3220/build_contexts/build_ctx_965279510/deps/core/src:/data/fwbuild-volumes/2.12.1/apps/app2/cc3220/build_contexts/build_ctx_965279510/deps/core/src -v /data/fwbuild-volumes/2.12.1/apps/app2/cc3220/build_contexts/build_ctx_965279510/deps/wifi/src:/data/fwbuild-volumes/2.12.1/apps/app2/cc3220/build_contexts/build_ctx_965279510/deps/wifi/src -v /data/fwbuild-volumes/2.12.1/apps/app2/cc3220/build_contexts/build_ctx_965279510/deps/mbedtls/mbedtls/include:/data/fwbuild-volumes/2.12.1/apps/app2/cc3220/build_contexts/build_ctx_965279510/deps/mbedtls/mbedtls/include -v /data/fwbuild-volumes/2.12.1/apps/app2/cc3220/build_contexts/build_ctx_965279510/deps/mbedtls/include/cc32xx:/data/fwbuild-volumes/2.12.1/apps/app2/cc3220/build_contexts/build_ctx_965279510/deps/mbedtls/include/cc32xx -v /data/fwbuild-volumes/2.12.1/apps/app2/cc3220/build_contexts/build_ctx_965279510/deps/vfs-fs-spiffs/include/spiffs:/data/fwbuild-volumes/2.12.1/apps/app2/cc3220/build_contexts/build_ctx_965279510/deps/vfs-fs-spiffs/include/spiffs -v /data/fwbuild-volumes/2.12.1/apps/app2/cc3220/build_contexts/build_ctx_965279510/deps/atca/src:/data/fwbuild-volumes/2.12.1/apps/app2/cc3220/build_contexts/build_ctx_965279510/deps/atca/src -v /data/fwbuild-volumes/2.12.1/apps/app2/cc3220/build_contexts/build_ctx_965279510/deps/atca/cryptoauthlib/lib/hal:/data/fwbuild-volumes/2.12.1/apps/app2/cc3220/build_contexts/build_ctx_965279510/deps/atca/cryptoauthlib/lib/hal -v /data/fwbuild-volumes/2.12.1/apps/app2/cc3220/build_contexts/build_ctx_965279510/deps/vfs-fs-spiffs/include/cc3220:/data/fwbuild-volumes/2.12.1/apps/app2/cc3220/build_contexts/build_ctx_965279510/deps/vfs-fs-spiffs/include/cc3220 -v /data/fwbuild-volumes/2.12.1/apps/app2/cc3220/build_contexts/build_ctx_965279510/deps/core/include:/data/fwbuild-volumes/2.12.1/apps/app2/cc3220/build_contexts/build_ctx_965279510/deps/core/include -v /data/fwbuild-volumes/2.12.1/apps/app2/cc3220/build_contexts/build_ctx_965279510/deps/wifi/cc32xx/src:/data/fwbuild-volumes/2.12.1/apps/app2/cc3220/build_contexts/build_ctx_965279510/deps/wifi/cc32xx/src -v /data/fwbuild-volumes/2.12.1/apps/app2/cc3220/build_contexts/build_ctx_965279510/deps/atca/include:/data/fwbuild-volumes/2.12.1/apps/app2/cc3220/build_contexts/build_ctx_965279510/deps/atca/include -v /data/fwbuild-volumes/2.12.1/apps/app2/cc3220/build_contexts/build_ctx_965279510/deps/vfs-common/include:/data/fwbuild-volumes/2.12.1/apps/app2/cc3220/build_contexts/build_ctx_965279510/deps/vfs-common/include -v /data/fwbuild-volumes/2.12.1/apps/app2/cc3220/build_contexts/build_ctx_965279510/deps/vfs-fs-spiffs/include:/data/fwbuild-volumes/2.12.1/apps/app2/cc3220/build_contexts/build_ctx_965279510/deps/vfs-fs-spiffs/include -v /data/fwbuild-volumes/2.12.1/apps/app2/cc3220/build_contexts/build_ctx_965279510/deps/i2c/src:/data/fwbuild-volumes/2.12.1/apps/app2/cc3220/build_contexts/build_ctx_965279510/deps/i2c/src -v /data/fwbuild-volumes/2.12.1/apps/app2/cc3220/build_contexts/build_ctx_965279510/deps/rpc-service-config/src:/data/fwbuild-volumes/2.12.1/apps/app2/cc3220/build_contexts/build_ctx_965279510/deps/rpc-service-config/src --user 0:0 docker.io/mgos/cc3220-build:2.10.00.04-r4 /bin/bash -c nice make '-j' '8' '-C' '/app' '-f' '/mongoose-os/fw/platforms/cc3220/Makefile.build' 'all' 'MGOS_VARS_FILE=/data/fwbuild-volumes/2.12.1/apps/app2/cc3220/build_contexts/build_ctx_965279510/build/gen/vars.mk'
make: Entering directory '/app'
  TICXX /data/fwbuild-volumes/2.12.1/apps/app2/cc3220/build_contexts/build_ctx_965279510/src/main.cpp
  GEN   /data/fwbuild-volumes/2.12.1/apps/app2/cc3220/build_contexts/build_ctx_965279510/build/gen/build_info.c
fatal: not a git repository (or any parent up to mount point /)
Stopping at filesystem boundary (GIT_DISCOVERY_ACROSS_FILESYSTEM not set).
  TICC  /data/fwbuild-volumes/2.12.1/apps/app2/cc3220/build_contexts/build_ctx_965279510/build/gen/build_info.c
  TILD  /data/fwbuild-volumes/2.12.1/apps/app2/cc3220/build_contexts/build_ctx_965279510/build/objs/app2.elf
<Linking>
  BIN   /data/fwbuild-volumes/2.12.1/apps/app2/cc3220/build_contexts/build_ctx_965279510/build/objs/app2.elf -> /data/fwbuild-volumes/2.12.1/apps/app2/cc3220/build_contexts/build_ctx_965279510/build/objs/app2.bin
     Code size: 304512
  DGST  /data/fwbuild-volumes/2.12.1/apps/app2/cc3220/build_contexts/build_ctx_965279510/build/objs/app2.bin -> /data/fwbuild-volumes/2.12.1/apps/app2/cc3220/build_contexts/build_ctx_965279510/build/objs/app2.bin.sha
  SIGN  app2.bin.sha dummy-root-ca-cert-key -> /data/fwbuild-volumes/2.12.1/apps/app2/cc3220/build_contexts/build_ctx_965279510/build/objs/app2.bin.sha.sig
  GEN    /data/fwbuild-volumes/2.12.1/apps/app2/cc3220/build_contexts/build_ctx_965279510/build/objs/fw_temp/manifest.json
  ZIP    /data/fwbuild-volumes/2.12.1/apps/app2/cc3220/build_contexts/build_ctx_965279510/build/fw/app2-cc3220-last.zip
     Adding /data/fwbuild-volumes/2.12.1/apps/app2/cc3220/build_contexts/build_ctx_965279510/build/objs/fw_temp/app2.bin.sha
     Adding /data/fwbuild-volumes/2.12.1/apps/app2/cc3220/build_contexts/build_ctx_965279510/build/objs/fw_temp/app2.bin.sha.sig
     Adding /data/fwbuild-volumes/2.12.1/apps/app2/cc3220/build_contexts/build_ctx_965279510/build/objs/fw_temp/certcatalogPlayGround20160911.lst
     Adding /data/fwbuild-volumes/2.12.1/apps/app2/cc3220/build_contexts/build_ctx_965279510/build/objs/fw_temp/certcatalogPlayGround20160911.lst.signed.bin
     Adding /data/fwbuild-volumes/2.12.1/apps/app2/cc3220/build_contexts/build_ctx_965279510/build/objs/fw_temp/dummy-root-ca-cert
     Adding /data/fwbuild-volumes/2.12.1/apps/app2/cc3220/build_contexts/build_ctx_965279510/build/objs/fw_temp/sp_3.7.0.1_2.0.0.0_2.2.0.6.bin
     Adding /data/fwbuild-volumes/2.12.1/apps/app2/cc3220/build_contexts/build_ctx_965279510/build/objs/fw_temp/spiffs.img
  Built app2/cc3220 version 1.0 (20190321-063618)
make: Leaving directory '/app'
Success, built app2/cc3220 version 1.0 (20190321-063618).
Firmware saved to /data/fwbuild-volumes/2.12.1/apps/app2/cc3220/build_contexts/build_ctx_965279510/build/fw.zip
=======
mongoose: Hash unchanged at 6ec35c37090e0665eb62deca6dddff5f14a2d803 (dir "/data/fwbuild-volumes/2.12.1/apps/app3/cc3220/build_contexts/build_ctx_874193766/deps/mongoose")
mongoose: Prepared local dir: "/data/fwbuild-volumes/2.12.1/apps/app3/cc3220/build_contexts/build_ctx_874193766/deps/mongoose"
vfs-fs-spiffs: Hash unchanged at 17bc38527936dd8b5e7c38e8fa96a91c1a9d82fc (dir "/data/fwbuild-volumes/2.12.1/apps/app3/cc3220/build_contexts/build_ctx_874193766/deps/vfs-fs-spiffs")
vfs-fs-spiffs: Prepared local dir: "/data/fwbuild-volumes/2.12.1/apps/app3/cc3220/build_contexts/build_ctx_874193766/deps/vfs-fs-spiffs"
Handling lib "mbedtls"...
Handling lib "vfs-common"...
vfs-common: Checking out 2.12.1...
mbedtls: Checking out 2.12.1...
vfs-common: Done, hash e668cbd6f9cfd468966f9d7e7229264d6c8937ba
vfs-common: Hash unchanged at e668cbd6f9cfd468966f9d7e7229264d6c8937ba (dir "/data/fwbuild-volumes/2.12.1/apps/app3/cc3220/build_contexts/build_ctx_874193766/deps/vfs-common")
vfs-common: Prepared local dir: "/data/fwbuild-volumes/2.12.1/apps/app3/cc3220/build_contexts/build_ctx_874193766/deps/vfs-common"
mbedtls: Done, hash 8109bfdfc65e9d39548b43406df713ef79a05b21
mbedtls: Hash unchanged at 8109bfdfc65e9d39548b43406df713ef79a05b21 (dir "/data/fwbuild-volumes/2.12.1/apps/app3/cc3220/build_contexts/build_ctx_874193766/deps/mbedtls")
mbedtls: Prepared local dir: "/data/fwbuild-volumes/2.12.1/apps/app3/cc3220/build_contexts/build_ctx_874193766/deps/mbedtls"
Handling lib "atca"...
atca: Checking out 2.12.1...
atca: Done, hash e7734361b3e781eec886406036005e20495f3e76
atca: Hash unchanged at e7734361b3e781eec886406036005e20495f3e76 (dir "/data/fwbuild-volumes/2.12.1/apps/app3/cc3220/build_contexts/build_ctx_874193766/deps/atca")
atca: Prepared local dir: "/data/fwbuild-volumes/2.12.1/apps/app3/cc3220/build_contexts/build_ctx_874193766/deps/atca"
Handling lib "i2c"...
i2c: Checking out 2.12.1...
i2c: Done, hash 98fdd22a47c43469be9c642f3e27bba5e016cf8e
i2c: Hash unchanged at 98fdd22a47c43469be9c642f3e27bba5e016cf8e (dir "/data/fwbuild-volumes/2.12.1/apps/app3/cc3220/build_contexts/build_ctx_874193766/deps/i2c")
i2c: Prepared local dir: "/data/fwbuild-volumes/2.12.1/apps/app3/cc3220/build_contexts/build_ctx_874193766/deps/i2c"
Handling lib "wifi"...
wifi: Checking out 2.12.1...
wifi: Done, hash a9a7d2bc4cb01e16f93e9eecb7e4aa56309488df
wifi: Hash unchanged at a9a7d2bc4cb01e16f93e9eecb7e4aa56309488df (dir "/data/fwbuild-volumes/2.12.1/apps/app3/cc3220/build_contexts/build_ctx_874193766/deps/wifi")
wifi: Prepared local dir: "/data/fwbuild-volumes/2.12.1/apps/app3/cc3220/build_contexts/build_ctx_874193766/deps/wifi"
The flag --repo is not given, going to use mongoose-os repository
mongoose-os: Checking out 2.12.1...
mongoose-os: Done, hash dd403d6effe7c536f561f6e7222f4ef3e76fa4b2
Prebuilt binary for "mbedtls" already exists at "/data/fwbuild-volumes/2.12.1/apps/app3/cc3220/build_contexts/build_ctx_874193766/build/objs/libmbedtls-cc3220-2.12.1.a"
Prebuilt binary for "mongoose" already exists at "/data/fwbuild-volumes/2.12.1/apps/app3/cc3220/build_contexts/build_ctx_874193766/build/objs/libmongoose-cc3220-2.12.1.a"
Sources: [/data/fwbuild-volumes/2.12.1/apps/app3/cc3220/build_contexts/build_ctx_874193766/src/main.cpp /data/fwbuild-volumes/2.12.1/apps/app3/cc3220/build_contexts/build_ctx_874193766/build/gen/mgos_deps_init.c /data/fwbuild-volumes/2.12.1/apps/app3/cc3220/build_contexts/build_ctx_874193766/deps/i2c/src/mgos_i2c_master.c /data/fwbuild-volumes/2.12.1/apps/app3/cc3220/build_contexts/build_ctx_874193766/deps/i2c/src/cc32xx/cc32xx_i2c_master.c /data/fwbuild-volumes/2.12.1/apps/app3/cc3220/build_contexts/build_ctx_874193766/deps/atca/src/mgos_atca.c /data/fwbuild-volumes/2.12.1/apps/app3/cc3220/build_contexts/build_ctx_874193766/deps/atca/cryptoauthlib/lib/atca_cfgs.c /data/fwbuild-volumes/2.12.1/apps/app3/cc3220/build_contexts/build_ctx_874193766/deps/atca/cryptoauthlib/lib/atca_command.c /data/fwbuild-volumes/2.12.1/apps/app3/cc3220/build_contexts/build_ctx_874193766/deps/atca/cryptoauthlib/lib/atca_device.c /data/fwbuild-volumes/2.12.1/apps/app3/cc3220/build_contexts/build_ctx_874193766/deps/atca/cryptoauthlib/lib/atca_iface.c /data/fwbuild-volumes/2.12.1/apps/app3/cc3220/build_contexts/build_ctx_874193766/deps/atca/cryptoauthlib/lib/basic/atca_basic.c /data/fwbuild-volumes/2.12.1/apps/app3/cc3220/build_contexts/build_ctx_874193766/deps/atca/cryptoauthlib/lib/basic/atca_helpers.c /data/fwbuild-volumes/2.12.1/apps/app3/cc3220/build_contexts/build_ctx_874193766/deps/atca/cryptoauthlib/lib/host/atca_host.c /data/fwbuild-volumes/2.12.1/apps/app3/cc3220/build_contexts/build_ctx_874193766/deps/vfs-common/src/mgos_vfs.c /data/fwbuild-volumes/2.12.1/apps/app3/cc3220/build_contexts/build_ctx_874193766/deps/vfs-common/src/mgos_vfs_dev.c /data/fwbuild-volumes/2.12.1/apps/app3/cc3220/build_contexts/build_ctx_874193766/deps/vfs-common/src/mgos_vfs_internal.c /data/fwbuild-volumes/2.12.1/apps/app3/cc3220/build_contexts/build_ctx_874193766/deps/vfs-common/src/cc3220/cc3220_fs.c /data/fwbuild-volumes/2.12.1/apps/app3/cc3220/build_contexts/build_ctx_874193766/deps/vfs-common/src/cc3220/cc3220_vfs_dev_flash.c /data/fwbuild-volumes/2.12.1/apps/app3/cc3220/build_contexts/build_ctx_874193766/deps/vfs-common/src/cc32xx/cc32xx_fs.c /data/fwbuild-volumes/2.12.1/apps/app3/cc3220/build_contexts/build_ctx_874193766/deps/vfs-common/src/cc32xx/cc32xx_vfs.c /data/fwbuild-volumes/2.12.1/apps/app3/cc3220/build_contexts/build_ctx_874193766/deps/vfs-common/src/cc32xx/cc32xx_vfs_fs_slfs.c /data/fwbuild-volumes/2.12.1/apps/app3/cc3220/build_contexts/build_ctx_874193766/deps/vfs-fs-spiffs/src/mgos_vfs_fs_spiffs.c /data/fwbuild-volumes/2.12.1/apps/app3/cc3220/build_contexts/build_ctx_874193766/deps/vfs-fs-spiffs/src/spiffs/spiffs_cache.c /data/fwbuild-volumes/2.12.1/apps/app3/cc3220/build_contexts/build_ctx_874193766/deps/vfs-fs-spiffs/src/spiffs/spiffs_check.c /data/fwbuild-volumes/2.12.1/apps/app3/cc3220/build_contexts/build_ctx_874193766/deps/vfs-fs-spiffs/src/spiffs/spiffs_gc.c /data/fwbuild-volumes/2.12.1/apps/app3/cc3220/build_contexts/build_ctx_874193766/deps/vfs-fs-spiffs/src/spiffs/spiffs_hydrogen.c /data/fwbuild-volumes/2.12.1/apps/app3/cc3220/build_contexts/build_ctx_874193766/deps/vfs-fs-spiffs/src/spiffs/spiffs_nucleus.c /data/fwbuild-volumes/2.12.1/apps/app3/cc3220/build_contexts/build_ctx_874193766/deps/core/src/mgos_core.c /data/fwbuild-volumes/2.12.1/apps/app3/cc3220/build_contexts/build_ctx_874193766/deps/rpc-common/src/mg_rpc.c /data/fwbuild-volumes/2.12.1/apps/app3/cc3220/build_contexts/build_ctx_874193766/deps/rpc-common/src/mg_rpc_channel.c /data/fwbuild-volumes/2.12.1/apps/app3/cc3220/build_contexts/build_ctx_874193766/deps/rpc-common/src/mg_rpc_channel_http.c /data/fwbuild-volumes/2.12.1/apps/app3/cc3220/build_contexts/build_ctx_874193766/deps/rpc-common/src/mgos_rpc.c /data/fwbuild-volumes/2.12.1/apps/app3/cc3220/build_contexts/build_ctx_874193766/deps/rpc-service-config/src/mgos_service_config.c /data/fwbuild-volumes/2.12.1/apps/app3/cc3220/build_contexts/build_ctx_874193766/deps/rpc-service-fs/src/mgos_service_filesystem.c /data/fwbuild-volumes/2.12.1/apps/app3/cc3220/build_contexts/build_ctx_874193766/deps/rpc-uart/src/mgos_rpc_channel_uart.c /data/fwbuild-volumes/2.12.1/apps/app3/cc3220/build_contexts/build_ctx_874193766/deps/wifi/src/mgos_wifi.c /data/fwbuild-volumes/2.12.1/apps/app3/cc3220/build_contexts/build_ctx_874193766/deps/wifi/src/mjs_wifi.c /data/fwbuild-volumes/2.12.1/apps/app3/cc3220/build_contexts/build_ctx_874193766/deps/wifi/cc32xx/src/cc32xx_wifi.c]
Include dirs: [/data/fwbuild-volumes/2.12.1/apps/app3/cc3220/build_contexts/build_ctx_874193766/deps/i2c/include /data/fwbuild-volumes/2.12.1/apps/app3/cc3220/build_contexts/build_ctx_874193766/deps/atca/include /data/fwbuild-volumes/2.12.1/apps/app3/cc3220/build_contexts/build_ctx_874193766/deps/atca/cryptoauthlib/lib /data/fwbuild-volumes/2.12.1/apps/app3/cc3220/build_contexts/build_ctx_874193766/deps/mbedtls/include /data/fwbuild-volumes/2.12.1/apps/app3/cc3220/build_contexts/build_ctx_874193766/deps/mbedtls/include/cc3220 /data/fwbuild-volumes/2.12.1/apps/app3/cc3220/build_contexts/build_ctx_874193766/deps/mbedtls/mbedtls/include /data/fwbuild-volumes/2.12.1/apps/app3/cc3220/build_contexts/build_ctx_874193766/deps/mbedtls/include/cc32xx /data/fwbuild-volumes/2.12.1/apps/app3/cc3220/build_contexts/build_ctx_874193766/deps/vfs-common/include /data/fwbuild-volumes/2.12.1/apps/app3/cc3220/build_contexts/build_ctx_874193766/deps/vfs-common/include/cc3220 /data/fwbuild-volumes/2.12.1/apps/app3/cc3220/build_contexts/build_ctx_874193766/deps/mongoose/include /data/fwbuild-volumes/2.12.1/apps/app3/cc3220/build_contexts/build_ctx_874193766/deps/vfs-fs-spiffs/include /data/fwbuild-volumes/2.12.1/apps/app3/cc3220/build_contexts/build_ctx_874193766/deps/vfs-fs-spiffs/include/spiffs /data/fwbuild-volumes/2.12.1/apps/app3/cc3220/build_contexts/build_ctx_874193766/deps/vfs-fs-spiffs/include/cc3220 /data/fwbuild-volumes/2.12.1/apps/app3/cc3220/build_contexts/build_ctx_874193766/deps/core/include /data/fwbuild-volumes/2.12.1/apps/app3/cc3220/build_contexts/build_ctx_874193766/deps/core/include/cc3220 /data/fwbuild-volumes/2.12.1/apps/app3/cc3220/build_contexts/build_ctx_874193766/deps/rpc-common/include /data/fwbuild-volumes/2.12.1/apps/app3/cc3220/build_contexts/build_ctx_874193766/deps/rpc-service-config/include /data/fwbuild-volumes/2.12.1/apps/app3/cc3220/build_contexts/build_ctx_874193766/deps/rpc-service-fs/include /data/fwbuild-volumes/2.12.1/apps/app3/cc3220/build_contexts/build_ctx_874193766/deps/rpc-uart/include /data/fwbuild-volumes/2.12.1/apps/app3/cc3220/build_contexts/build_ctx_874193766/deps/wifi/include]
Binary libs: [/data/fwbuild-volumes/2.12.1/apps/app3/cc3220/build_contexts/build_ctx_874193766/build/objs/libmbedtls-cc3220-2.12.1.a /data/fwbuild-volumes/2.12.1/apps/app3/cc3220/build_contexts/build_ctx_874193766/build/objs/libmongoose-cc3220-2.12.1.a]
Building...
mount from "/data/fwbuild-volumes/2.12.1/apps/app3/cc3220/build_contexts/build_ctx_874193766" to "/app"
mount from "/data/fwbuild-volumes/2.12.1/apps/app3/cc3220/build_contexts/build_ctx_874193766/deps/modules/mongoose-os" to "/mongoose-os"
mount from "/data/fwbuild-volumes/2.12.1/apps/app3/cc3220/build_contexts/build_ctx_874193766/deps/modules/mongoose-os" to "/data/fwbuild-volumes/2.12.1/apps/app3/cc3220/build_contexts/build_ctx_874193766/deps/modules/mongoose-os"
mount from "/data/fwbuild-volumes/2.12.1/apps/app3/cc3220/build_contexts/build_ctx_874193766/build" to "/data/fwbuild-volumes/2.12.1/apps/app3/cc3220/build_contexts/build_ctx_874193766/build"
mount from "/data/fwbuild-volumes/2.12.1/apps/app3/cc3220/build_contexts/build_ctx_874193766/src" to "/data/fwbuild-volumes/2.12.1/apps/app3/cc3220/build_contexts/build_ctx_874193766/src"
mount from "/data/fwbuild-volumes/2.12.1/apps/app3/cc3220/build_contexts/build_ctx_874193766/build/gen" to "/data/fwbuild-volumes/2.12.1/apps/app3/cc3220/build_contexts/build_ctx_874193766/build/gen"
mount from "/data/fwbuild-volumes/2.12.1/apps/app3/cc3220/build_contexts/build_ctx_874193766/deps/i2c/src" to "/data/fwbuild-volumes/2.12.1/apps/app3/cc3220/build_contexts/build_ctx_874193766/deps/i2c/src"
mount from "/data/fwbuild-volumes/2.12.1/apps/app3/cc3220/build_contexts/build_ctx_874193766/deps/i2c/src/cc32xx" to "/data/fwbuild-volumes/2.12.1/apps/app3/cc3220/build_contexts/build_ctx_874193766/deps/i2c/src/cc32xx"
mount from "/data/fwbuild-volumes/2.12.1/apps/app3/cc3220/build_contexts/build_ctx_874193766/deps/atca/src" to "/data/fwbuild-volumes/2.12.1/apps/app3/cc3220/build_contexts/build_ctx_874193766/deps/atca/src"
mount from "/data/fwbuild-volumes/2.12.1/apps/app3/cc3220/build_contexts/build_ctx_874193766/deps/atca/cryptoauthlib/lib" to "/data/fwbuild-volumes/2.12.1/apps/app3/cc3220/build_contexts/build_ctx_874193766/deps/atca/cryptoauthlib/lib"
mount from "/data/fwbuild-volumes/2.12.1/apps/app3/cc3220/build_contexts/build_ctx_874193766/deps/atca/cryptoauthlib/lib/basic" to "/data/fwbuild-volumes/2.12.1/apps/app3/cc3220/build_contexts/build_ctx_874193766/deps/atca/cryptoauthlib/lib/basic"
mount from "/data/fwbuild-volumes/2.12.1/apps/app3/cc3220/build_contexts/build_ctx_874193766/deps/atca/cryptoauthlib/lib/crypto" to "/data/fwbuild-volumes/2.12.1/apps/app3/cc3220/build_contexts/build_ctx_874193766/deps/atca/cryptoauthlib/lib/crypto"
mount from "/data/fwbuild-volumes/2.12.1/apps/app3/cc3220/build_contexts/build_ctx_874193766/deps/atca/cryptoauthlib/lib/hal" to "/data/fwbuild-volumes/2.12.1/apps/app3/cc3220/build_contexts/build_ctx_874193766/deps/atca/cryptoauthlib/lib/hal"
mount from "/data/fwbuild-volumes/2.12.1/apps/app3/cc3220/build_contexts/build_ctx_874193766/deps/atca/cryptoauthlib/lib/host" to "/data/fwbuild-volumes/2.12.1/apps/app3/cc3220/build_contexts/build_ctx_874193766/deps/atca/cryptoauthlib/lib/host"
mount from "/data/fwbuild-volumes/2.12.1/apps/app3/cc3220/build_contexts/build_ctx_874193766/deps/vfs-common/src" to "/data/fwbuild-volumes/2.12.1/apps/app3/cc3220/build_contexts/build_ctx_874193766/deps/vfs-common/src"
mount from "/data/fwbuild-volumes/2.12.1/apps/app3/cc3220/build_contexts/build_ctx_874193766/deps/vfs-common/src/cc3220" to "/data/fwbuild-volumes/2.12.1/apps/app3/cc3220/build_contexts/build_ctx_874193766/deps/vfs-common/src/cc3220"
mount from "/data/fwbuild-volumes/2.12.1/apps/app3/cc3220/build_contexts/build_ctx_874193766/deps/vfs-common/src/cc32xx" to "/data/fwbuild-volumes/2.12.1/apps/app3/cc3220/build_contexts/build_ctx_874193766/deps/vfs-common/src/cc32xx"
mount from "/data/fwbuild-volumes/2.12.1/apps/app3/cc3220/build_contexts/build_ctx_874193766/deps/vfs-fs-spiffs/src" to "/data/fwbuild-volumes/2.12.1/apps/app3/cc3220/build_contexts/build_ctx_874193766/deps/vfs-fs-spiffs/src"
mount from "/data/fwbuild-volumes/2.12.1/apps/app3/cc3220/build_contexts/build_ctx_874193766/deps/vfs-fs-spiffs/src/spiffs" to "/data/fwbuild-volumes/2.12.1/apps/app3/cc3220/build_contexts/build_ctx_874193766/deps/vfs-fs-spiffs/src/spiffs"
mount from "/data/fwbuild-volumes/2.12.1/apps/app3/cc3220/build_contexts/build_ctx_874193766/deps/core/src" to "/data/fwbuild-volumes/2.12.1/apps/app3/cc3220/build_contexts/build_ctx_874193766/deps/core/src"
mount from "/data/fwbuild-volumes/2.12.1/apps/app3/cc3220/build_contexts/build_ctx_874193766/deps/rpc-common/src" to "/data/fwbuild-volumes/2.12.1/apps/app3/cc3220/build_contexts/build_ctx_874193766/deps/rpc-common/src"
mount from "/data/fwbuild-volumes/2.12.1/apps/app3/cc3220/build_contexts/build_ctx_874193766/deps/rpc-service-config/src" to "/data/fwbuild-volumes/2.12.1/apps/app3/cc3220/build_contexts/build_ctx_874193766/deps/rpc-service-config/src"
mount from "/data/fwbuild-volumes/2.12.1/apps/app3/cc3220/build_contexts/build_ctx_874193766/deps/rpc-service-fs/src" to "/data/fwbuild-volumes/2.12.1/apps/app3/cc3220/build_contexts/build_ctx_874193766/deps/rpc-service-fs/src"
mount from "/data/fwbuild-volumes/2.12.1/apps/app3/cc3220/build_contexts/build_ctx_874193766/deps/rpc-uart/src" to "/data/fwbuild-volumes/2.12.1/apps/app3/cc3220/build_contexts/build_ctx_874193766/deps/rpc-uart/src"
mount from "/data/fwbuild-volumes/2.12.1/apps/app3/cc3220/build_contexts/build_ctx_874193766/deps/wifi/src" to "/data/fwbuild-volumes/2.12.1/apps/app3/cc3220/build_contexts/build_ctx_874193766/deps/wifi/src"
mount from "/data/fwbuild-volumes/2.12.1/apps/app3/cc3220/build_contexts/build_ctx_874193766/deps/wifi/cc32xx/src" to "/data/fwbuild-volumes/2.12.1/apps/app3/cc3220/build_contexts/build_ctx_874193766/deps/wifi/cc32xx/src"
mount from "/data/fwbuild-volumes/2.12.1/apps/app3/cc3220/build_contexts/build_ctx_874193766/deps/i2c/include" to "/data/fwbuild-volumes/2.12.1/apps/app3/cc3220/build_contexts/build_ctx_874193766/deps/i2c/include"
mount from "/data/fwbuild-volumes/2.12.1/apps/app3/cc3220/build_contexts/build_ctx_874193766/deps/atca/include" to "/data/fwbuild-volumes/2.12.1/apps/app3/cc3220/build_contexts/build_ctx_874193766/deps/atca/include"
mount from "/data/fwbuild-volumes/2.12.1/apps/app3/cc3220/build_contexts/build_ctx_874193766/deps/atca/cryptoauthlib/lib" to "/data/fwbuild-volumes/2.12.1/apps/app3/cc3220/build_contexts/build_ctx_874193766/deps/atca/cryptoauthlib/lib"
mount from "/data/fwbuild-volumes/2.12.1/apps/app3/cc3220/build_contexts/build_ctx_874193766/deps/mbedtls/include" to "/data/fwbuild-volumes/2.12.1/apps/app3/cc3220/build_contexts/build_ctx_874193766/deps/mbedtls/include"
mount from "/data/fwbuild-volumes/2.12.1/apps/app3/cc3220/build_contexts/build_ctx_874193766/deps/mbedtls/mbedtls/include" to "/data/fwbuild-volumes/2.12.1/apps/app3/cc3220/build_contexts/build_ctx_874193766/deps/mbedtls/mbedtls/include"
mount from "/data/fwbuild-volumes/2.12.1/apps/app3/cc3220/build_contexts/build_ctx_874193766/deps/mbedtls/include/cc32xx" to "/data/fwbuild-volumes/2.12.1/apps/app3/cc3220/build_contexts/build_ctx_874193766/deps/mbedtls/include/cc32xx"
mount from "/data/fwbuild-volumes/2.12.1/apps/app3/cc3220/build_contexts/build_ctx_874193766/deps/vfs-common/include" to "/data/fwbuild-volumes/2.12.1/apps/app3/cc3220/build_contexts/build_ctx_874193766/deps/vfs-common/include"
mount from "/data/fwbuild-volumes/2.12.1/apps/app3/cc3220/build_contexts/build_ctx_874193766/deps/vfs-common/include/cc3220" to "/data/fwbuild-volumes/2.12.1/apps/app3/cc3220/build_contexts/build_ctx_874193766/deps/vfs-common/include/cc3220"
mount from "/data/fwbuild-volumes/2.12.1/apps/app3/cc3220/build_contexts/build_ctx_874193766/deps/mongoose/include" to "/data/fwbuild-volumes/2.12.1/apps/app3/cc3220/build_contexts/build_ctx_874193766/deps/mongoose/include"
mount from "/data/fwbuild-volumes/2.12.1/apps/app3/cc3220/build_contexts/build_ctx_874193766/deps/vfs-fs-spiffs/include" to "/data/fwbuild-volumes/2.12.1/apps/app3/cc3220/build_contexts/build_ctx_874193766/deps/vfs-fs-spiffs/include"
mount from "/data/fwbuild-volumes/2.12.1/apps/app3/cc3220/build_contexts/build_ctx_874193766/deps/vfs-fs-spiffs/include/spiffs" to "/data/fwbuild-volumes/2.12.1/apps/app3/cc3220/build_contexts/build_ctx_874193766/deps/vfs-fs-spiffs/include/spiffs"
mount from "/data/fwbuild-volumes/2.12.1/apps/app3/cc3220/build_contexts/build_ctx_874193766/deps/vfs-fs-spiffs/include/cc3220" to "/data/fwbuild-volumes/2.12.1/apps/app3/cc3220/build_contexts/build_ctx_874193766/deps/vfs-fs-spiffs/include/cc3220"
mount from "/data/fwbuild-volumes/2.12.1/apps/app3/cc3220/build_contexts/build_ctx_874193766/deps/core/include" to "/data/fwbuild-volumes/2.12.1/apps/app3/cc3220/build_contexts/build_ctx_874193766/deps/core/include"
mount from "/data/fwbuild-volumes/2.12.1/apps/app3/cc3220/build_contexts/build_ctx_874193766/deps/rpc-common/include" to "/data/fwbuild-volumes/2.12.1/apps/app3/cc3220/build_contexts/build_ctx_874193766/deps/rpc-common/include"
mount from "/data/fwbuild-volumes/2.12.1/apps/app3/cc3220/build_contexts/build_ctx_874193766/deps/rpc-service-config/include" to "/data/fwbuild-volumes/2.12.1/apps/app3/cc3220/build_contexts/build_ctx_874193766/deps/rpc-service-config/include"
mount from "/data/fwbuild-volumes/2.12.1/apps/app3/cc3220/build_contexts/build_ctx_874193766/deps/rpc-service-fs/include" to "/data/fwbuild-volumes/2.12.1/apps/app3/cc3220/build_contexts/build_ctx_874193766/deps/rpc-service-fs/include"
mount from "/data/fwbuild-volumes/2.12.1/apps/app3/cc3220/build_contexts/build_ctx_874193766/deps/rpc-uart/include" to "/data/fwbuild-volumes/2.12.1/apps/app3/cc3220/build_contexts/build_ctx_874193766/deps/rpc-uart/include"
mount from "/data/fwbuild-volumes/2.12.1/apps/app3/cc3220/build_contexts/build_ctx_874193766/deps/wifi/include" to "/data/fwbuild-volumes/2.12.1/apps/app3/cc3220/build_contexts/build_ctx_874193766/deps/wifi/include"
mount from "/data/fwbuild-volumes/2.12.1/apps/app3/cc3220/build_contexts/build_ctx_874193766/deps/ca-bundle/fs" to "/data/fwbuild-volumes/2.12.1/apps/app3/cc3220/build_contexts/build_ctx_874193766/deps/ca-bundle/fs"
mount from "/data/fwbuild-volumes/2.12.1/apps/app3/cc3220/build_contexts/build_ctx_874193766/fs" to "/data/fwbuild-volumes/2.12.1/apps/app3/cc3220/build_contexts/build_ctx_874193766/fs"
mount from "/data/fwbuild-volumes/2.12.1/apps/app3/cc3220/build_contexts/build_ctx_874193766/build/objs" to "/data/fwbuild-volumes/2.12.1/apps/app3/cc3220/build_contexts/build_ctx_874193766/build/objs"
mount from "/data/fwbuild-volumes/2.12.1/apps/app3/cc3220/build_contexts/build_ctx_874193766/build/objs" to "/data/fwbuild-volumes/2.12.1/apps/app3/cc3220/build_contexts/build_ctx_874193766/build/objs"
mount from "/data/fwbuild-volumes/2.12.1/apps/app3/cc3220/build_contexts/build_ctx_874193766/build/gen" to "/data/fwbuild-volumes/2.12.1/apps/app3/cc3220/build_contexts/build_ctx_874193766/build/gen"
Docker arguments: run --name mos_build_2019-03-21T06-24-01-00_1229249195295269745 --rm -i -v /data/fwbuild-volumes/2.12.1/apps/app3/cc3220/build_contexts/build_ctx_874193766/deps/i2c/src:/data/fwbuild-volumes/2.12.1/apps/app3/cc3220/build_contexts/build_ctx_874193766/deps/i2c/src -v /data/fwbuild-volumes/2.12.1/apps/app3/cc3220/build_contexts/build_ctx_874193766/deps/atca/cryptoauthlib/lib/host:/data/fwbuild-volumes/2.12.1/apps/app3/cc3220/build_contexts/build_ctx_874193766/deps/atca/cryptoauthlib/lib/host -v /data/fwbuild-volumes/2.12.1/apps/app3/cc3220/build_contexts/build_ctx_874193766/deps/vfs-common/include:/data/fwbuild-volumes/2.12.1/apps/app3/cc3220/build_contexts/build_ctx_874193766/deps/vfs-common/include -v /data/fwbuild-volumes/2.12.1/apps/app3/cc3220/build_contexts/build_ctx_874193766/deps/rpc-service-config/include:/data/fwbuild-volumes/2.12.1/apps/app3/cc3220/build_contexts/build_ctx_874193766/deps/rpc-service-config/include -v /data/fwbuild-volumes/2.12.1/apps/app3/cc3220/build_contexts/build_ctx_874193766/deps/ca-bundle/fs:/data/fwbuild-volumes/2.12.1/apps/app3/cc3220/build_contexts/build_ctx_874193766/deps/ca-bundle/fs -v /data/fwbuild-volumes/2.12.1/apps/app3/cc3220/build_contexts/build_ctx_874193766/deps/atca/cryptoauthlib/lib/crypto:/data/fwbuild-volumes/2.12.1/apps/app3/cc3220/build_contexts/build_ctx_874193766/deps/atca/cryptoauthlib/lib/crypto -v /data/fwbuild-volumes/2.12.1/apps/app3/cc3220/build_contexts/build_ctx_874193766/deps/vfs-common/src:/data/fwbuild-volumes/2.12.1/apps/app3/cc3220/build_contexts/build_ctx_874193766/deps/vfs-common/src -v /data/fwbuild-volumes/2.12.1/apps/app3/cc3220/build_contexts/build_ctx_874193766/deps/vfs-fs-spiffs/include:/data/fwbuild-volumes/2.12.1/apps/app3/cc3220/build_contexts/build_ctx_874193766/deps/vfs-fs-spiffs/include -v /data/fwbuild-volumes/2.12.1/apps/app3/cc3220/build_contexts/build_ctx_874193766/deps/rpc-common/include:/data/fwbuild-volumes/2.12.1/apps/app3/cc3220/build_contexts/build_ctx_874193766/deps/rpc-common/include -v /data/fwbuild-volumes/2.12.1/apps/app3/cc3220/build_contexts/build_ctx_874193766/deps/mbedtls/include:/data/fwbuild-volumes/2.12.1/apps/app3/cc3220/build_contexts/build_ctx_874193766/deps/mbedtls/include -v /data/fwbuild-volumes/2.12.1/apps/app3/cc3220/build_contexts/build_ctx_874193766/deps/vfs-fs-spiffs/include/spiffs:/data/fwbuild-volumes/2.12.1/apps/app3/cc3220/build_contexts/build_ctx_874193766/deps/vfs-fs-spiffs/include/spiffs -v /data/fwbuild-volumes/2.12.1/apps/app3/cc3220/build_contexts/build_ctx_874193766/deps/core/include:/data/fwbuild-volumes/2.12.1/apps/app3/cc3220/build_contexts/build_ctx_874193766/deps/core/include -v /data/fwbuild-volumes/2.12.1/apps/app3/cc3220/build_contexts/build_ctx_874193766/build:/data/fwbuild-volumes/2.12.1/apps/app3/cc3220/build_contexts/build_ctx_874193766/build -v /data/fwbuild-volumes/2.12.1/apps/app3/cc3220/build_contexts/build_ctx_874193766/build/gen:/data/fwbuild-volumes/2.12.1/apps/app3/cc3220/build_contexts/build_ctx_874193766/build/gen -v /data/fwbuild-volumes/2.12.1/apps/app3/cc3220/build_contexts/build_ctx_874193766/deps/atca/cryptoauthlib/lib:/data/fwbuild-volumes/2.12.1/apps/app3/cc3220/build_contexts/build_ctx_874193766/deps/atca/cryptoauthlib/lib -v /data/fwbuild-volumes/2.12.1/apps/app3/cc3220/build_contexts/build_ctx_874193766/deps/vfs-common/src/cc32xx:/data/fwbuild-volumes/2.12.1/apps/app3/cc3220/build_contexts/build_ctx_874193766/deps/vfs-common/src/cc32xx -v /data/fwbuild-volumes/2.12.1/apps/app3/cc3220/build_contexts/build_ctx_874193766/deps/wifi/cc32xx/src:/data/fwbuild-volumes/2.12.1/apps/app3/cc3220/build_contexts/build_ctx_874193766/deps/wifi/cc32xx/src -v /data/fwbuild-volumes/2.12.1/apps/app3/cc3220/build_contexts/build_ctx_874193766/deps/wifi/include:/data/fwbuild-volumes/2.12.1/apps/app3/cc3220/build_contexts/build_ctx_874193766/deps/wifi/include -v /data/fwbuild-volumes/2.12.1/apps/app3/cc3220/build_contexts/build_ctx_874193766/fs:/data/fwbuild-volumes/2.12.1/apps/app3/cc3220/build_contexts/build_ctx_874193766/fs -v /data/fwbuild-volumes/2.12.1/apps/app3/cc3220/build_contexts/build_ctx_874193766/deps/atca/cryptoauthlib/lib/basic:/data/fwbuild-volumes/2.12.1/apps/app3/cc3220/build_contexts/build_ctx_874193766/deps/atca/cryptoauthlib/lib/basic -v /data/fwbuild-volumes/2.12.1/apps/app3/cc3220/build_contexts/build_ctx_874193766/deps/atca/cryptoauthlib/lib/hal:/data/fwbuild-volumes/2.12.1/apps/app3/cc3220/build_contexts/build_ctx_874193766/deps/atca/cryptoauthlib/lib/hal -v /data/fwbuild-volumes/2.12.1/apps/app3/cc3220/build_contexts/build_ctx_874193766/deps/rpc-service-config/src:/data/fwbuild-volumes/2.12.1/apps/app3/cc3220/build_contexts/build_ctx_874193766/deps/rpc-service-config/src -v /data/fwbuild-volumes/2.12.1/apps/app3/cc3220/build_contexts/build_ctx_874193766/deps/atca/include:/data/fwbuild-volumes/2.12.1/apps/app3/cc3220/build_contexts/build_ctx_874193766/deps/atca/include -v /data/fwbuild-volumes/2.12.1/apps/app3/cc3220/build_contexts/build_ctx_874193766/deps/rpc-uart/src:/data/fwbuild-volumes/2.12.1/apps/app3/cc3220/build_contexts/build_ctx_874193766/deps/rpc-uart/src -v /data/fwbuild-volumes/2.12.1/apps/app3/cc3220/build_contexts/build_ctx_874193766/deps/mbedtls/mbedtls/include:/data/fwbuild-volumes/2.12.1/apps/app3/cc3220/build_contexts/build_ctx_874193766/deps/mbedtls/mbedtls/include -v /data/fwbuild-volumes/2.12.1/apps/app3/cc3220/build_contexts/build_ctx_874193766/deps/vfs-fs-spiffs/include/cc3220:/data/fwbuild-volumes/2.12.1/apps/app3/cc3220/build_contexts/build_ctx_874193766/deps/vfs-fs-spiffs/include/cc3220 -v /data/fwbuild-volumes/2.12.1/apps/app3/cc3220/build_contexts/build_ctx_874193766/deps/atca/src:/data/fwbuild-volumes/2.12.1/apps/app3/cc3220/build_contexts/build_ctx_874193766/deps/atca/src -v /data/fwbuild-volumes/2.12.1/apps/app3/cc3220/build_contexts/build_ctx_874193766/deps/wifi/src:/data/fwbuild-volumes/2.12.1/apps/app3/cc3220/build_contexts/build_ctx_874193766/deps/wifi/src -v /data/fwbuild-volumes/2.12.1/apps/app3/cc3220/build_contexts/build_ctx_874193766/deps/vfs-common/include/cc3220:/data/fwbuild-volumes/2.12.1/apps/app3/cc3220/build_contexts/build_ctx_874193766/deps/vfs-common/include/cc3220 -v /data/fwbuild-volumes/2.12.1/apps/app3/cc3220/build_contexts/build_ctx_874193766/deps/rpc-uart/include:/data/fwbuild-volumes/2.12.1/apps/app3/cc3220/build_contexts/build_ctx_874193766/deps/rpc-uart/include -v /data/fwbuild-volumes/2.12.1/apps/app3/cc3220/build_contexts/build_ctx_874193766/build/objs:/data/fwbuild-volumes/2.12.1/apps/app3/cc3220/build_contexts/build_ctx_874193766/build/objs -v /data/fwbuild-volumes/2.12.1/apps/app3/cc3220/build_contexts/build_ctx_874193766/deps/mbedtls/include/cc32xx:/data/fwbuild-volumes/2.12.1/apps/app3/cc3220/build_contexts/build_ctx_874193766/deps/mbedtls/include/cc32xx -v /data/fwbuild-volumes/2.12.1/apps/app3/cc3220/build_contexts/build_ctx_874193766/deps/mongoose/include:/data/fwbuild-volumes/2.12.1/apps/app3/cc3220/build_contexts/build_ctx_874193766/deps/mongoose/include -v /data/fwbuild-volumes/2.12.1/apps/app3/cc3220/build_contexts/build_ctx_874193766/deps/i2c/src/cc32xx:/data/fwbuild-volumes/2.12.1/apps/app3/cc3220/build_contexts/build_ctx_874193766/deps/i2c/src/cc32xx -v /data/fwbuild-volumes/2.12.1/apps/app3/cc3220/build_contexts/build_ctx_874193766/deps/vfs-fs-spiffs/src/spiffs:/data/fwbuild-volumes/2.12.1/apps/app3/cc3220/build_contexts/build_ctx_874193766/deps/vfs-fs-spiffs/src/spiffs -v /data/fwbuild-volumes/2.12.1/apps/app3/cc3220/build_contexts/build_ctx_874193766/deps/core/src:/data/fwbuild-volumes/2.12.1/apps/app3/cc3220/build_contexts/build_ctx_874193766/deps/core/src -v /data/fwbuild-volumes/2.12.1/apps/app3/cc3220/build_contexts/build_ctx_874193766/deps/rpc-common/src:/data/fwbuild-volumes/2.12.1/apps/app3/cc3220/build_contexts/build_ctx_874193766/deps/rpc-common/src -v /data/fwbuild-volumes/2.12.1/apps/app3/cc3220/build_contexts/build_ctx_874193766/deps/i2c/include:/data/fwbuild-volumes/2.12.1/apps/app3/cc3220/build_contexts/build_ctx_874193766/deps/i2c/include -v /data/fwbuild-volumes/2.12.1/apps/app3/cc3220/build_contexts/build_ctx_874193766/deps/vfs-fs-spiffs/src:/data/fwbuild-volumes/2.12.1/apps/app3/cc3220/build_contexts/build_ctx_874193766/deps/vfs-fs-spiffs/src -v /data/fwbuild-volumes/2.12.1/apps/app3/cc3220/build_contexts/build_ctx_874193766/deps/rpc-service-fs/src:/data/fwbuild-volumes/2.12.1/apps/app3/cc3220/build_contexts/build_ctx_874193766/deps/rpc-service-fs/src -v /data/fwbuild-volumes/2.12.1/apps/app3/cc3220/build_contexts/build_ctx_874193766/deps/rpc-service-fs/include:/data/fwbuild-volumes/2.12.1/apps/app3/cc3220/build_contexts/build_ctx_874193766/deps/rpc-service-fs/include -v /data/fwbuild-volumes/2.12.1/apps/app3/cc3220/build_contexts/build_ctx_874193766:/app -v /data/fwbuild-volumes/2.12.1/apps/app3/cc3220/build_contexts/build_ctx_874193766/deps/modules/mongoose-os:/mongoose-os -v /data/fwbuild-volumes/2.12.1/apps/app3/cc3220/build_contexts/build_ctx_874193766/deps/modules/mongoose-os:/data/fwbuild-volumes/2.12.1/apps/app3/cc3220/build_contexts/build_ctx_874193766/deps/modules/mongoose-os -v /data/fwbuild-volumes/2.12.1/apps/app3/cc3220/build_contexts/build_ctx_874193766/src:/data/fwbuild-volumes/2.12.1/apps/app3/cc3220/build_contexts/build_ctx_874193766/src -v /data/fwbuild-volumes/2.12.1/apps/app3/cc3220/build_contexts/build_ctx_874193766/deps/vfs-common/src/cc3220:/data/fwbuild-volumes/2.12.1/apps/app3/cc3220/build_contexts/build_ctx_874193766/deps/vfs-common/src/cc3220 --user 0:0 docker.io/mgos/cc3220-build:2.10.00.04-r4 /bin/bash -c nice make '-j' '8' '-C' '/app' '-f' '/mongoose-os/fw/platforms/cc3220/Makefile.build' 'all' 'MGOS_VARS_FILE=/data/fwbuild-volumes/2.12.1/apps/app3/cc3220/build_contexts/build_ctx_874193766/build/gen/vars.mk'
make: Entering directory '/app'
  TICXX /data/fwbuild-volumes/2.12.1/apps/app3/cc3220/build_contexts/build_ctx_874193766/src/main.cpp
  GEN   /data/fwbuild-volumes/2.12.1/apps/app3/cc3220/build_contexts/build_ctx_874193766/build/gen/build_info.c
fatal: not a git repository (or any parent up to mount point /)
Stopping at filesystem boundary (GIT_DISCOVERY_ACROSS_FILESYSTEM not set).
  TICC  /data/fwbuild-volumes/2.12.1/apps/app3/cc3220/build_contexts/build_ctx_874193766/build/gen/build_info.c
  TILD  /data/fwbuild-volumes/2.12.1/apps/app3/cc3220/build_contexts/build_ctx_874193766/build/objs/app3.elf
<Linking>
  BIN   /data/fwbuild-volumes/2.12.1/apps/app3/cc3220/build_contexts/build_ctx_874193766/build/objs/app3.elf -> /data/fwbuild-volumes/2.12.1/apps/app3/cc3220/build_contexts/build_ctx_874193766/build/objs/app3.bin
     Code size: 302720
  DGST  /data/fwbuild-volumes/2.12.1/apps/app3/cc3220/build_contexts/build_ctx_874193766/build/objs/app3.bin -> /data/fwbuild-volumes/2.12.1/apps/app3/cc3220/build_contexts/build_ctx_874193766/build/objs/app3.bin.sha
  SIGN  app3.bin.sha dummy-root-ca-cert-key -> /data/fwbuild-volumes/2.12.1/apps/app3/cc3220/build_contexts/build_ctx_874193766/build/objs/app3.bin.sha.sig
  GEN    /data/fwbuild-volumes/2.12.1/apps/app3/cc3220/build_contexts/build_ctx_874193766/build/objs/fw_temp/manifest.json
  ZIP    /data/fwbuild-volumes/2.12.1/apps/app3/cc3220/build_contexts/build_ctx_874193766/build/fw/app3-cc3220-last.zip
     Adding /data/fwbuild-volumes/2.12.1/apps/app3/cc3220/build_contexts/build_ctx_874193766/build/objs/fw_temp/app3.bin.sha
     Adding /data/fwbuild-volumes/2.12.1/apps/app3/cc3220/build_contexts/build_ctx_874193766/build/objs/fw_temp/app3.bin.sha.sig
     Adding /data/fwbuild-volumes/2.12.1/apps/app3/cc3220/build_contexts/build_ctx_874193766/build/objs/fw_temp/certcatalogPlayGround20160911.lst
     Adding /data/fwbuild-volumes/2.12.1/apps/app3/cc3220/build_contexts/build_ctx_874193766/build/objs/fw_temp/certcatalogPlayGround20160911.lst.signed.bin
     Adding /data/fwbuild-volumes/2.12.1/apps/app3/cc3220/build_contexts/build_ctx_874193766/build/objs/fw_temp/dummy-root-ca-cert
     Adding /data/fwbuild-volumes/2.12.1/apps/app3/cc3220/build_contexts/build_ctx_874193766/build/objs/fw_temp/sp_3.7.0.1_2.0.0.0_2.2.0.6.bin
     Adding /data/fwbuild-volumes/2.12.1/apps/app3/cc3220/build_contexts/build_ctx_874193766/build/objs/fw_temp/spiffs.img
  Built app3/cc3220 version 1.0 (20190321-062403)
make: Leaving directory '/app'
Success, built app3/cc3220 version 1.0 (20190321-062403).
Firmware saved to /data/fwbuild-volumes/2.12.1/apps/app3/cc3220/build_contexts/build_ctx_874193766/build/fw.zip
>>>>>>> cc3881dda01ee4d18dbf326226cb5cbc1ef85586
